<?xml version="1.0" encoding="UTF-8"?>
<!-- Generated by org.testng.reporters.JUnitXMLReporter -->
<testsuite ignored="2" hostname="Kiran_Kumar" failures="0" tests="1" name="Default test" time="6.209" errors="0" timestamp="2025-09-03T14:41:06 IST">
  <testcase classname="tests.LoginTest" name="add" time="6.166"/>
  <testcase classname="tests.LoginTest" name="login" time="0.0">
    <ignored/>
  </testcase> <!-- login -->
  <testcase classname="tests.LoginTest" name="logout" time="0.0">
    <ignored/>
  </testcase> <!-- logout -->
</testsuite> <!-- Default test -->
