<?xml version="1.0" encoding="UTF-8"?>
<testng-results ignored="0" total="11" passed="11" failed="0" skipped="0">
  <reporter-output>
  </reporter-output>
  <suite started-at="2025-09-08T02:35:37 IST" name="SauceDemo Automation Suite" finished-at="2025-09-08T02:38:04 IST" duration-ms="147952">
    <groups>
      <group name="cucumber">
        <method signature="AbstractTestNGCucumberTests.runScenario(io.cucumber.testng.PickleWrapper,io.cucumber.testng.FeatureWrapper)[pri:0, instance:runners.TestRunner@6f4a47c7]" name="runScenario" class="io.cucumber.testng.AbstractTestNGCucumberTests"/>
      </group> <!-- cucumber -->
    </groups>
    <test started-at="2025-09-08T02:35:37 IST" name="Cucumber Tests" finished-at="2025-09-08T02:38:04 IST" duration-ms="147952">
      <class name="runners.TestRunner">
        <test-method is-config="true" signature="setUpClass(org.testng.ITestContext)[pri:0, instance:runners.TestRunner@6f4a47c7]" started-at="2025-09-08T02:35:37 IST" name="setUpClass" finished-at="2025-09-08T02:35:39 IST" duration-ms="2314" status="PASS">
          <params>
            <param index="0">
              <value>
                <![CDATA[org.testng.TestRunner@24fc2c80]]>
              </value>
            </param>
          </params>
          <reporter-output>
          </reporter-output>
        </test-method> <!-- setUpClass -->
        <test-method signature="runScenario(io.cucumber.testng.PickleWrapper,io.cucumber.testng.FeatureWrapper)[pri:0, instance:runners.TestRunner@6f4a47c7]" started-at="2025-09-08T02:35:39 IST" name="runScenario" description="Runs Cucumber Scenarios" data-provider="scenarios" finished-at="2025-09-08T02:36:17 IST" duration-ms="38166" status="PASS">
          <params>
            <param index="0">
              <value>
                <![CDATA["Add two items and verify cart badge"]]>
              </value>
            </param>
            <param index="1">
              <value>
                <![CDATA["Cart and Checkout flows"]]>
              </value>
            </param>
          </params>
          <reporter-output>
          </reporter-output>
        </test-method> <!-- runScenario -->
        <test-method signature="runScenario(io.cucumber.testng.PickleWrapper,io.cucumber.testng.FeatureWrapper)[pri:0, instance:runners.TestRunner@6f4a47c7]" started-at="2025-09-08T02:36:17 IST" name="runScenario" description="Runs Cucumber Scenarios" data-provider="scenarios" finished-at="2025-09-08T02:36:33 IST" duration-ms="16149" status="PASS">
          <params>
            <param index="0">
              <value>
                <![CDATA["Checkout completes successfully"]]>
              </value>
            </param>
            <param index="1">
              <value>
                <![CDATA["Cart and Checkout flows"]]>
              </value>
            </param>
          </params>
          <reporter-output>
          </reporter-output>
        </test-method> <!-- runScenario -->
        <test-method signature="runScenario(io.cucumber.testng.PickleWrapper,io.cucumber.testng.FeatureWrapper)[pri:0, instance:runners.TestRunner@6f4a47c7]" started-at="2025-09-08T02:36:33 IST" name="runScenario" description="Runs Cucumber Scenarios" data-provider="scenarios" finished-at="2025-09-08T02:36:43 IST" duration-ms="9624" status="PASS">
          <params>
            <param index="0">
              <value>
                <![CDATA["Remove item from products page updates cart badge"]]>
              </value>
            </param>
            <param index="1">
              <value>
                <![CDATA["Cart and Checkout flows"]]>
              </value>
            </param>
          </params>
          <reporter-output>
          </reporter-output>
        </test-method> <!-- runScenario -->
        <test-method signature="runScenario(io.cucumber.testng.PickleWrapper,io.cucumber.testng.FeatureWrapper)[pri:0, instance:runners.TestRunner@6f4a47c7]" started-at="2025-09-08T02:36:43 IST" name="runScenario" description="Runs Cucumber Scenarios" data-provider="scenarios" finished-at="2025-09-08T02:36:51 IST" duration-ms="8446" status="PASS">
          <params>
            <param index="0">
              <value>
                <![CDATA["Successful login with standard user"]]>
              </value>
            </param>
            <param index="1">
              <value>
                <![CDATA["Login functionality"]]>
              </value>
            </param>
          </params>
          <reporter-output>
          </reporter-output>
        </test-method> <!-- runScenario -->
        <test-method signature="runScenario(io.cucumber.testng.PickleWrapper,io.cucumber.testng.FeatureWrapper)[pri:0, instance:runners.TestRunner@6f4a47c7]" started-at="2025-09-08T02:36:51 IST" name="runScenario" description="Runs Cucumber Scenarios" data-provider="scenarios" finished-at="2025-09-08T02:36:58 IST" duration-ms="6438" status="PASS">
          <params>
            <param index="0">
              <value>
                <![CDATA["Locked out user should see error"]]>
              </value>
            </param>
            <param index="1">
              <value>
                <![CDATA["Login functionality"]]>
              </value>
            </param>
          </params>
          <reporter-output>
          </reporter-output>
        </test-method> <!-- runScenario -->
        <test-method signature="runScenario(io.cucumber.testng.PickleWrapper,io.cucumber.testng.FeatureWrapper)[pri:0, instance:runners.TestRunner@6f4a47c7]" started-at="2025-09-08T02:36:58 IST" name="runScenario" description="Runs Cucumber Scenarios" data-provider="scenarios" finished-at="2025-09-08T02:37:07 IST" duration-ms="9384" status="PASS">
          <params>
            <param index="0">
              <value>
                <![CDATA["Wrong password shows error"]]>
              </value>
            </param>
            <param index="1">
              <value>
                <![CDATA["Login functionality"]]>
              </value>
            </param>
          </params>
          <reporter-output>
          </reporter-output>
        </test-method> <!-- runScenario -->
        <test-method signature="runScenario(io.cucumber.testng.PickleWrapper,io.cucumber.testng.FeatureWrapper)[pri:0, instance:runners.TestRunner@6f4a47c7]" started-at="2025-09-08T02:37:07 IST" name="runScenario" description="Runs Cucumber Scenarios" data-provider="scenarios" finished-at="2025-09-08T02:37:15 IST" duration-ms="7750" status="PASS">
          <params>
            <param index="0">
              <value>
                <![CDATA["Empty username and password shows error"]]>
              </value>
            </param>
            <param index="1">
              <value>
                <![CDATA["Negative and edge cases"]]>
              </value>
            </param>
          </params>
          <reporter-output>
          </reporter-output>
        </test-method> <!-- runScenario -->
        <test-method signature="runScenario(io.cucumber.testng.PickleWrapper,io.cucumber.testng.FeatureWrapper)[pri:0, instance:runners.TestRunner@6f4a47c7]" started-at="2025-09-08T02:37:15 IST" name="runScenario" description="Runs Cucumber Scenarios" data-provider="scenarios" finished-at="2025-09-08T02:37:24 IST" duration-ms="8862" status="PASS">
          <params>
            <param index="0">
              <value>
                <![CDATA["Problem user can login but UI may be broken"]]>
              </value>
            </param>
            <param index="1">
              <value>
                <![CDATA["Negative and edge cases"]]>
              </value>
            </param>
          </params>
          <reporter-output>
          </reporter-output>
        </test-method> <!-- runScenario -->
        <test-method signature="runScenario(io.cucumber.testng.PickleWrapper,io.cucumber.testng.FeatureWrapper)[pri:0, instance:runners.TestRunner@6f4a47c7]" started-at="2025-09-08T02:37:24 IST" name="runScenario" description="Runs Cucumber Scenarios" data-provider="scenarios" finished-at="2025-09-08T02:37:34 IST" duration-ms="10042" status="PASS">
          <params>
            <param index="0">
              <value>
                <![CDATA["Products listing has multiple items"]]>
              </value>
            </param>
            <param index="1">
              <value>
                <![CDATA["Products listing, sorting and names"]]>
              </value>
            </param>
          </params>
          <reporter-output>
          </reporter-output>
        </test-method> <!-- runScenario -->
        <test-method signature="runScenario(io.cucumber.testng.PickleWrapper,io.cucumber.testng.FeatureWrapper)[pri:0, instance:runners.TestRunner@6f4a47c7]" started-at="2025-09-08T02:37:34 IST" name="runScenario" description="Runs Cucumber Scenarios" data-provider="scenarios" finished-at="2025-09-08T02:37:47 IST" duration-ms="13103" status="PASS">
          <params>
            <param index="0">
              <value>
                <![CDATA["Sort products by Price (low to high)"]]>
              </value>
            </param>
            <param index="1">
              <value>
                <![CDATA["Products listing, sorting and names"]]>
              </value>
            </param>
          </params>
          <reporter-output>
          </reporter-output>
        </test-method> <!-- runScenario -->
        <test-method signature="runScenario(io.cucumber.testng.PickleWrapper,io.cucumber.testng.FeatureWrapper)[pri:0, instance:runners.TestRunner@6f4a47c7]" started-at="2025-09-08T02:37:47 IST" name="runScenario" description="Runs Cucumber Scenarios" data-provider="scenarios" finished-at="2025-09-08T02:38:04 IST" duration-ms="17456" status="PASS">
          <params>
            <param index="0">
              <value>
                <![CDATA["Sort products by Name (A to Z)"]]>
              </value>
            </param>
            <param index="1">
              <value>
                <![CDATA["Products listing, sorting and names"]]>
              </value>
            </param>
          </params>
          <reporter-output>
          </reporter-output>
        </test-method> <!-- runScenario -->
        <test-method is-config="true" signature="tearDownClass()[pri:0, instance:runners.TestRunner@6f4a47c7]" started-at="2025-09-08T02:38:04 IST" name="tearDownClass" finished-at="2025-09-08T02:38:04 IST" duration-ms="16" status="PASS">
          <reporter-output>
          </reporter-output>
        </test-method> <!-- tearDownClass -->
      </class> <!-- runners.TestRunner -->
    </test> <!-- Cucumber Tests -->
  </suite> <!-- SauceDemo Automation Suite -->
</testng-results>
